{"numFailedTestSuites":0,"numFailedTests":0,"numPassedTestSuites":2,"numPassedTests":3,"numPendingTestSuites":0,"numPendingTests":0,"numRuntimeErrorTestSuites":0,"numTodoTests":0,"numTotalTestSuites":2,"numTotalTests":3,"openHandles":[],"snapshot":{"added":0,"didUpdate":true,"failure":false,"filesAdded":0,"filesRemoved":0,"filesRemovedList":[],"filesUnmatched":0,"filesUpdated":1,"matched":0,"total":1,"unchecked":0,"uncheckedKeysByFile":[],"unmatched":0,"updated":1},"startTime":1576432018988,"success":true,"testResults":[{"assertionResults":[{"ancestorTitles":["PlayerDetails coponent"],"failureMessages":[],"fullName":"PlayerDetails coponent Should render player details component","location":null,"status":"passed","title":"Should render player details component"},{"ancestorTitles":["PlayerDetails coponent"],"failureMessages":[],"fullName":"PlayerDetails coponent renders correctly","location":null,"status":"passed","title":"renders correctly"}],"endTime":1576432021558,"message":"","name":"D:\\workspaces\\workspace_CDS\\formation_react\\src\\components\\Player\\PlayerDetails.test.tsx","startTime":1576432019989,"status":"passed","summary":""},{"assertionResults":[{"ancestorTitles":[],"failureMessages":[],"fullName":"renders without crashing","location":null,"status":"passed","title":"renders without crashing"}],"endTime":1576432022055,"message":"","name":"D:\\workspaces\\workspace_CDS\\formation_react\\src\\App.test.js","startTime":1576432019989,"status":"passed","summary":""}],"wasInterrupted":false}